Pass 1: Creating model from 96 macro-expanded line(s)
Line 1 Statement: Title(Transputer Hello World)
Line 3 Statement: Page(60,132)
Line 9 Statement: Processor(T800)
Label START = 0
Line 11 Statement: DirectInstruction(J,0,SymbolArg(MAIN))
Symbol(s) (Set(MAIN)) are not yet defined on line 11
Storing undefined direct instruction on line index 10
Label HWSTR = 1
Line 14 Statement: DB(List(Characters(hello world), Number(10), Number(0)))
Storage @ 00000001 DB (68 65 6C 6C 6F 20 77 6F 72 6C 64 0A 00)
Label MAIN = 14
Converging line indices [10 .. 15] Start $ 00000000
Line numbers in convergence: List(15, 12, 16, 13, 14, 11)
Convergence iteration 1
Current size for direct instruction: 1
Encoding value 14
New encoded size for direct instruction: 1
CONV: Defined: Storage size ok; allocating
Storage @ 00000000 DB (0E)
CONV: Processing non-direct-instruction
Label HWSTR = 1
CONV: Processing non-direct-instruction
CONV: Processing non-direct-instruction
Line 14 Statement: DB(List(Characters(hello world), Number(10), Number(0)))
Storage @ 00000001 DB (68 65 6C 6C 6F 20 77 6F 72 6C 64 0A 00)
CONV: Processing non-direct-instruction
Label MAIN = 14
CONV: Processing non-direct-instruction
Convergence complete after 1 iteration(s)
Line 17 Statement: DirectInstruction(LDC,64,Binary(-,SymbolArg(HWSTR),SymbolArg(LF5)))
Symbol(s) (Set(LF5)) are not yet defined on line 17
Storing undefined direct instruction on line index 16
Line 18 Statement: IndirectInstruction(LDPI,List(33, 251))
Storage @ 0000000F DB (21 FB)
Label LF5 = 17
Converging line indices [16 .. 18] Start $ 0000000E
Line numbers in convergence: List(19, 17, 18)
Convergence iteration 1
Current size for direct instruction: 1
Encoding value -16
New encoded size for direct instruction: 2
CONV: Defined: Another byte of storage required
CONV: Processing non-direct-instruction
Line 18 Statement: IndirectInstruction(LDPI,List(33, 251))
Storage @ 00000010 DB (21 FB)
Label LF5 = 18
CONV: Processing non-direct-instruction
Convergence iteration 2
Current size for direct instruction: 2
Encoding value -17
New encoded size for direct instruction: 2
CONV: Defined: Storage size ok; allocating
Storage @ 0000000E DB (61 4F)
CONV: Processing non-direct-instruction
Line 18 Statement: IndirectInstruction(LDPI,List(33, 251))
Storage @ 00000010 DB (21 FB)
Label LF5 = 18
CONV: Processing non-direct-instruction
Convergence complete after 2 iteration(s)
Line 21 Statement: DirectInstruction(CALL,144,Binary(-,SymbolArg(_PUTCONSOLECSTRING),SymbolArg(LF6)))
Symbol(s) (Set(_PUTCONSOLECSTRING, LF6)) are not yet defined on line 21
Storing undefined direct instruction on line index 20
Label LF6 = 19
Label FIN = 19
Line 25 Statement: IndirectInstruction(STOPP,List(33, 245))
Storage @ 00000013 DB (21 F5)
Label _PUTCONSOLECSTRING = 21
Converging line indices [20 .. 26] Start $ 00000012
Line numbers in convergence: List(27, 24, 21, 25, 22, 26, 23)
Convergence iteration 1
Current size for direct instruction: 1
Encoding value 2
New encoded size for direct instruction: 1
CONV: Defined: Storage size ok; allocating
Storage @ 00000012 DB (92)
Label LF6 = 19
CONV: Processing non-direct-instruction
CONV: Processing non-direct-instruction
Label FIN = 19
CONV: Processing non-direct-instruction
CONV: Processing non-direct-instruction
Line 25 Statement: IndirectInstruction(STOPP,List(33, 245))
Storage @ 00000013 DB (21 F5)
CONV: Processing non-direct-instruction
Label _PUTCONSOLECSTRING = 21
CONV: Processing non-direct-instruction
Convergence complete after 1 iteration(s)
Line 28 Statement: DirectInstruction(AJW,176,Number(-9))
Storage @ 00000015 DB (60 B7)
Line 29 Statement: DirectInstruction(LDC,64,Number(0))
Storage @ 00000017 DB (40)
Line 30 Statement: DirectInstruction(STL,208,Number(3))
Storage @ 00000018 DB (D3)
Line 31 Statement: DirectInstruction(LDLP,16,Number(1))
Storage @ 00000019 DB (11)
Line 32 Statement: DirectInstruction(STL,208,Number(4))
Storage @ 0000001A DB (D4)
Line 33 Statement: DirectInstruction(LDL,112,Number(3))
Storage @ 0000001B DB (73)
Line 34 Statement: DirectInstruction(LDL,112,Number(4))
Storage @ 0000001C DB (74)
Line 35 Statement: IndirectInstruction(SB,List(35, 251))
Storage @ 0000001D DB (23 FB)
Line 36 Statement: DirectInstruction(LDL,112,Number(10))
Storage @ 0000001F DB (7A)
Line 37 Statement: DirectInstruction(CALL,144,SymbolArg(_STRLEN))
Symbol(s) (Set(_STRLEN)) are not yet defined on line 37
Storing undefined direct instruction on line index 36
Line 38 Statement: DirectInstruction(STL,208,Number(2))
Storage @ 00000021 DB (D2)
Line 39 Statement: IndirectInstruction(MINT,List(36, 242))
Storage @ 00000022 DB (24 F2)
Line 40 Statement: DirectInstruction(STL,208,Number(5))
Storage @ 00000024 DB (D5)
Line 41 Statement: DirectInstruction(LDC,64,Number(258))
Storage @ 00000025 DB (21 20 42)
Line 42 Statement: DirectInstruction(STL,208,Number(6))
Storage @ 00000028 DB (D6)
Line 43 Statement: DirectInstruction(LDL,112,Number(5))
Storage @ 00000029 DB (75)
Line 44 Statement: DirectInstruction(LDL,112,Number(6))
Storage @ 0000002A DB (76)
Line 45 Statement: IndirectInstruction(OUTWORD,List(255))
Storage @ 0000002B DB (FF)
Line 47 Statement: IndirectInstruction(MINT,List(36, 242))
Storage @ 0000002C DB (24 F2)
Line 48 Statement: DirectInstruction(STL,208,Number(7))
Storage @ 0000002E DB (D7)
Line 49 Statement: DirectInstruction(LDL,112,Number(10))
Storage @ 0000002F DB (7A)
Line 50 Statement: DirectInstruction(LDL,112,Number(7))
Storage @ 00000030 DB (77)
Line 51 Statement: DirectInstruction(LDL,112,Number(2))
Storage @ 00000031 DB (72)
Line 52 Statement: IndirectInstruction(OUT,List(251))
Storage @ 00000032 DB (FB)
Line 54 Statement: IndirectInstruction(MINT,List(36, 242))
Storage @ 00000033 DB (24 F2)
Line 55 Statement: DirectInstruction(STL,208,Number(8))
Storage @ 00000035 DB (D8)
Line 56 Statement: DirectInstruction(LDL,112,Number(8))
Storage @ 00000036 DB (78)
Line 57 Statement: DirectInstruction(LDL,112,Number(1))
Storage @ 00000037 DB (71)
Line 58 Statement: IndirectInstruction(OUTBYTE,List(254))
Storage @ 00000038 DB (FE)
Line 59 Statement: DirectInstruction(AJW,176,Number(9))
Storage @ 00000039 DB (B9)
Line 60 Statement: IndirectInstruction(RET,List(34, 240))
Storage @ 0000003A DB (22 F0)
Label _STRLEN = 60
Converging line indices [36 .. 61] Start $ 00000020
Line numbers in convergence: List(51, 45, 60, 37, 52, 46, 38, 53, 39, 54, 61, 40, 55, 47, 62, 41, 48, 49, 56, 50, 42, 57, 43, 58, 44, 59)
Convergence iteration 1
Current size for direct instruction: 1
Encoding value 60
New encoded size for direct instruction: 2
CONV: Defined: Another byte of storage required
CONV: Processing non-direct-instruction
Line 38 Statement: DirectInstruction(STL,208,Number(2))
Storage @ 00000022 DB (D2)
CONV: Processing non-direct-instruction
Line 39 Statement: IndirectInstruction(MINT,List(36, 242))
Storage @ 00000023 DB (24 F2)
CONV: Processing non-direct-instruction
Line 40 Statement: DirectInstruction(STL,208,Number(5))
Storage @ 00000025 DB (D5)
CONV: Processing non-direct-instruction
Line 41 Statement: DirectInstruction(LDC,64,Number(258))
Storage @ 00000026 DB (21 20 42)
CONV: Processing non-direct-instruction
Line 42 Statement: DirectInstruction(STL,208,Number(6))
Storage @ 00000029 DB (D6)
CONV: Processing non-direct-instruction
Line 43 Statement: DirectInstruction(LDL,112,Number(5))
Storage @ 0000002A DB (75)
CONV: Processing non-direct-instruction
Line 44 Statement: DirectInstruction(LDL,112,Number(6))
Storage @ 0000002B DB (76)
CONV: Processing non-direct-instruction
Line 45 Statement: IndirectInstruction(OUTWORD,List(255))
Storage @ 0000002C DB (FF)
CONV: Processing non-direct-instruction
CONV: Processing non-direct-instruction
Line 47 Statement: IndirectInstruction(MINT,List(36, 242))
Storage @ 0000002D DB (24 F2)
CONV: Processing non-direct-instruction
Line 48 Statement: DirectInstruction(STL,208,Number(7))
Storage @ 0000002F DB (D7)
CONV: Processing non-direct-instruction
Line 49 Statement: DirectInstruction(LDL,112,Number(10))
Storage @ 00000030 DB (7A)
CONV: Processing non-direct-instruction
Line 50 Statement: DirectInstruction(LDL,112,Number(7))
Storage @ 00000031 DB (77)
CONV: Processing non-direct-instruction
Line 51 Statement: DirectInstruction(LDL,112,Number(2))
Storage @ 00000032 DB (72)
CONV: Processing non-direct-instruction
Line 52 Statement: IndirectInstruction(OUT,List(251))
Storage @ 00000033 DB (FB)
CONV: Processing non-direct-instruction
CONV: Processing non-direct-instruction
Line 54 Statement: IndirectInstruction(MINT,List(36, 242))
Storage @ 00000034 DB (24 F2)
CONV: Processing non-direct-instruction
Line 55 Statement: DirectInstruction(STL,208,Number(8))
Storage @ 00000036 DB (D8)
CONV: Processing non-direct-instruction
Line 56 Statement: DirectInstruction(LDL,112,Number(8))
Storage @ 00000037 DB (78)
CONV: Processing non-direct-instruction
Line 57 Statement: DirectInstruction(LDL,112,Number(1))
Storage @ 00000038 DB (71)
CONV: Processing non-direct-instruction
Line 58 Statement: IndirectInstruction(OUTBYTE,List(254))
Storage @ 00000039 DB (FE)
CONV: Processing non-direct-instruction
Line 59 Statement: DirectInstruction(AJW,176,Number(9))
Storage @ 0000003A DB (B9)
CONV: Processing non-direct-instruction
Line 60 Statement: IndirectInstruction(RET,List(34, 240))
Storage @ 0000003B DB (22 F0)
CONV: Processing non-direct-instruction
Label _STRLEN = 61
CONV: Processing non-direct-instruction
Convergence iteration 2
Current size for direct instruction: 2
Encoding value 61
New encoded size for direct instruction: 2
CONV: Defined: Storage size ok; allocating
Storage @ 00000020 DB (23 9D)
CONV: Processing non-direct-instruction
Line 38 Statement: DirectInstruction(STL,208,Number(2))
Storage @ 00000022 DB (D2)
CONV: Processing non-direct-instruction
Line 39 Statement: IndirectInstruction(MINT,List(36, 242))
Storage @ 00000023 DB (24 F2)
CONV: Processing non-direct-instruction
Line 40 Statement: DirectInstruction(STL,208,Number(5))
Storage @ 00000025 DB (D5)
CONV: Processing non-direct-instruction
Line 41 Statement: DirectInstruction(LDC,64,Number(258))
Storage @ 00000026 DB (21 20 42)
CONV: Processing non-direct-instruction
Line 42 Statement: DirectInstruction(STL,208,Number(6))
Storage @ 00000029 DB (D6)
CONV: Processing non-direct-instruction
Line 43 Statement: DirectInstruction(LDL,112,Number(5))
Storage @ 0000002A DB (75)
CONV: Processing non-direct-instruction
Line 44 Statement: DirectInstruction(LDL,112,Number(6))
Storage @ 0000002B DB (76)
CONV: Processing non-direct-instruction
Line 45 Statement: IndirectInstruction(OUTWORD,List(255))
Storage @ 0000002C DB (FF)
CONV: Processing non-direct-instruction
CONV: Processing non-direct-instruction
Line 47 Statement: IndirectInstruction(MINT,List(36, 242))
Storage @ 0000002D DB (24 F2)
CONV: Processing non-direct-instruction
Line 48 Statement: DirectInstruction(STL,208,Number(7))
Storage @ 0000002F DB (D7)
CONV: Processing non-direct-instruction
Line 49 Statement: DirectInstruction(LDL,112,Number(10))
Storage @ 00000030 DB (7A)
CONV: Processing non-direct-instruction
Line 50 Statement: DirectInstruction(LDL,112,Number(7))
Storage @ 00000031 DB (77)
CONV: Processing non-direct-instruction
Line 51 Statement: DirectInstruction(LDL,112,Number(2))
Storage @ 00000032 DB (72)
CONV: Processing non-direct-instruction
Line 52 Statement: IndirectInstruction(OUT,List(251))
Storage @ 00000033 DB (FB)
CONV: Processing non-direct-instruction
CONV: Processing non-direct-instruction
Line 54 Statement: IndirectInstruction(MINT,List(36, 242))
Storage @ 00000034 DB (24 F2)
CONV: Processing non-direct-instruction
Line 55 Statement: DirectInstruction(STL,208,Number(8))
Storage @ 00000036 DB (D8)
CONV: Processing non-direct-instruction
Line 56 Statement: DirectInstruction(LDL,112,Number(8))
Storage @ 00000037 DB (78)
CONV: Processing non-direct-instruction
Line 57 Statement: DirectInstruction(LDL,112,Number(1))
Storage @ 00000038 DB (71)
CONV: Processing non-direct-instruction
Line 58 Statement: IndirectInstruction(OUTBYTE,List(254))
Storage @ 00000039 DB (FE)
CONV: Processing non-direct-instruction
Line 59 Statement: DirectInstruction(AJW,176,Number(9))
Storage @ 0000003A DB (B9)
CONV: Processing non-direct-instruction
Line 60 Statement: IndirectInstruction(RET,List(34, 240))
Storage @ 0000003B DB (22 F0)
CONV: Processing non-direct-instruction
Label _STRLEN = 61
CONV: Processing non-direct-instruction
Convergence complete after 2 iteration(s)
Line 63 Statement: DirectInstruction(AJW,176,Number(-6))
Storage @ 0000003D DB (60 BA)
Line 64 Statement: DirectInstruction(LDC,64,Number(0))
Storage @ 0000003F DB (40)
Line 65 Statement: DirectInstruction(STL,208,Number(1))
Storage @ 00000040 DB (D1)
Line 66 Statement: DirectInstruction(LDL,112,Number(1))
Storage @ 00000041 DB (71)
Line 67 Statement: DirectInstruction(STL,208,Number(0))
Storage @ 00000042 DB (D0)
Label LS1 = 67
Line 69 Statement: DirectInstruction(LDL,112,Number(7))
Storage @ 00000043 DB (77)
Line 70 Statement: DirectInstruction(STL,208,Number(2))
Storage @ 00000044 DB (D2)
Line 71 Statement: DirectInstruction(LDL,112,Number(2))
Storage @ 00000045 DB (72)
Line 72 Statement: IndirectInstruction(LB,List(241))
Storage @ 00000046 DB (F1)
Line 73 Statement: DirectInstruction(STL,208,Number(3))
Storage @ 00000047 DB (D3)
Line 74 Statement: DirectInstruction(LDL,112,Number(3))
Storage @ 00000048 DB (73)
Line 75 Statement: DirectInstruction(EQC,192,Number(0))
Storage @ 00000049 DB (C0)
Line 76 Statement: DirectInstruction(CJ,160,SymbolArg(LS3))
Symbol(s) (Set(LS3)) are not yet defined on line 76
Storing undefined direct instruction on line index 75
Line 77 Statement: DirectInstruction(J,0,SymbolArg(LS2))
Symbol(s) (Set(LS2)) are not yet defined on line 77
Storing undefined direct instruction on line index 76
Label LS3 = 76
Line 79 Statement: DirectInstruction(LDL,112,Number(0))
Storage @ 0000004C DB (70)
Line 80 Statement: DirectInstruction(ADC,128,Number(1))
Storage @ 0000004D DB (81)
Line 81 Statement: DirectInstruction(STL,208,Number(4))
Storage @ 0000004E DB (D4)
Line 82 Statement: DirectInstruction(LDL,112,Number(4))
Storage @ 0000004F DB (74)
Line 83 Statement: DirectInstruction(STL,208,Number(0))
Storage @ 00000050 DB (D0)
Line 84 Statement: DirectInstruction(LDL,112,Number(7))
Storage @ 00000051 DB (77)
Line 85 Statement: DirectInstruction(ADC,128,Number(1))
Storage @ 00000052 DB (81)
Line 86 Statement: DirectInstruction(STL,208,Number(5))
Storage @ 00000053 DB (D5)
Line 87 Statement: DirectInstruction(LDL,112,Number(5))
Storage @ 00000054 DB (75)
Line 88 Statement: DirectInstruction(STL,208,Number(7))
Storage @ 00000055 DB (D7)
Line 89 Statement: DirectInstruction(J,0,SymbolArg(LS1))
Storage @ 00000056 DB (24 03)
Label LS2 = 88
Converging line indices [75 .. 89] Start $ 0000004A
Line numbers in convergence: List(81, 88, 82, 89, 83, 90, 76, 77, 84, 78, 85, 86, 87, 79, 80)
Convergence iteration 1
Current size for direct instruction: 1
Encoding value 76
New encoded size for direct instruction: 2
CONV: Defined: Another byte of storage required
Current size for direct instruction: 1
Encoding value 88
New encoded size for direct instruction: 2
CONV: Defined: Another byte of storage required
Label LS3 = 78
CONV: Processing non-direct-instruction
CONV: Processing non-direct-instruction
Line 79 Statement: DirectInstruction(LDL,112,Number(0))
Storage @ 0000004E DB (70)
CONV: Processing non-direct-instruction
Line 80 Statement: DirectInstruction(ADC,128,Number(1))
Storage @ 0000004F DB (81)
CONV: Processing non-direct-instruction
Line 81 Statement: DirectInstruction(STL,208,Number(4))
Storage @ 00000050 DB (D4)
CONV: Processing non-direct-instruction
Line 82 Statement: DirectInstruction(LDL,112,Number(4))
Storage @ 00000051 DB (74)
CONV: Processing non-direct-instruction
Line 83 Statement: DirectInstruction(STL,208,Number(0))
Storage @ 00000052 DB (D0)
CONV: Processing non-direct-instruction
Line 84 Statement: DirectInstruction(LDL,112,Number(7))
Storage @ 00000053 DB (77)
CONV: Processing non-direct-instruction
Line 85 Statement: DirectInstruction(ADC,128,Number(1))
Storage @ 00000054 DB (81)
CONV: Processing non-direct-instruction
Line 86 Statement: DirectInstruction(STL,208,Number(5))
Storage @ 00000055 DB (D5)
CONV: Processing non-direct-instruction
Line 87 Statement: DirectInstruction(LDL,112,Number(5))
Storage @ 00000056 DB (75)
CONV: Processing non-direct-instruction
Line 88 Statement: DirectInstruction(STL,208,Number(7))
Storage @ 00000057 DB (D7)
CONV: Processing non-direct-instruction
Line 89 Statement: DirectInstruction(J,0,SymbolArg(LS1))
Storage @ 00000058 DB (24 03)
Label LS2 = 90
CONV: Processing non-direct-instruction
Convergence iteration 2
Current size for direct instruction: 2
Encoding value 78
New encoded size for direct instruction: 2
CONV: Defined: Storage size ok; allocating
Storage @ 0000004A DB (24 AE)
Current size for direct instruction: 2
Encoding value 90
New encoded size for direct instruction: 2
CONV: Defined: Storage size ok; allocating
Storage @ 0000004C DB (25 0A)
Label LS3 = 78
CONV: Processing non-direct-instruction
CONV: Processing non-direct-instruction
Line 79 Statement: DirectInstruction(LDL,112,Number(0))
Storage @ 0000004E DB (70)
CONV: Processing non-direct-instruction
Line 80 Statement: DirectInstruction(ADC,128,Number(1))
Storage @ 0000004F DB (81)
CONV: Processing non-direct-instruction
Line 81 Statement: DirectInstruction(STL,208,Number(4))
Storage @ 00000050 DB (D4)
CONV: Processing non-direct-instruction
Line 82 Statement: DirectInstruction(LDL,112,Number(4))
Storage @ 00000051 DB (74)
CONV: Processing non-direct-instruction
Line 83 Statement: DirectInstruction(STL,208,Number(0))
Storage @ 00000052 DB (D0)
CONV: Processing non-direct-instruction
Line 84 Statement: DirectInstruction(LDL,112,Number(7))
Storage @ 00000053 DB (77)
CONV: Processing non-direct-instruction
Line 85 Statement: DirectInstruction(ADC,128,Number(1))
Storage @ 00000054 DB (81)
CONV: Processing non-direct-instruction
Line 86 Statement: DirectInstruction(STL,208,Number(5))
Storage @ 00000055 DB (D5)
CONV: Processing non-direct-instruction
Line 87 Statement: DirectInstruction(LDL,112,Number(5))
Storage @ 00000056 DB (75)
CONV: Processing non-direct-instruction
Line 88 Statement: DirectInstruction(STL,208,Number(7))
Storage @ 00000057 DB (D7)
CONV: Processing non-direct-instruction
Line 89 Statement: DirectInstruction(J,0,SymbolArg(LS1))
Storage @ 00000058 DB (24 03)
Label LS2 = 90
CONV: Processing non-direct-instruction
Convergence complete after 2 iteration(s)
Line 91 Statement: DirectInstruction(LDL,112,Number(0))
Storage @ 0000005A DB (70)
Line 92 Statement: DirectInstruction(AJW,176,Number(6))
Storage @ 0000005B DB (B6)
Line 93 Statement: IndirectInstruction(RET,List(34, 240))
Storage @ 0000005C DB (22 F0)
Line 96 Statement: End(None)
End of Pass 1: Checking for unresolved forward references
Pass 2: Updating model with 0 pass 2 section(s)
End of Pass 2
Writing binary file hello2.bin
Start address 0x00000000
End address 0x0000005D
Writing listing file hello2.lst
